C:\Program Files (x86)\Microsoft Visual Studio\2019\Community\MSBuild\Microsoft\VC\v160\Microsoft.CppBuild.targets(504,5): warning MSB8004: Intermediate Directory does not end with a trailing slash.  This build instance will add the slash as it is required to allow proper evaluation of the Intermediate Directory.
C:\Program Files (x86)\Microsoft Visual Studio\2019\Community\MSBuild\Microsoft\VC\v160\Microsoft.CppBuild.targets(505,5): warning MSB8004: Output Directory does not end with a trailing slash.  This build instance will add the slash as it is required to allow proper evaluation of the Output Directory.
C:\Program Files (x86)\Microsoft Visual Studio\2019\Community\MSBuild\Microsoft\VC\v160\Microsoft.CppBuild.targets(504,5): warning MSB8004: Intermediate Directory does not end with a trailing slash.  This build instance will add the slash as it is required to allow proper evaluation of the Intermediate Directory.
C:\Program Files (x86)\Microsoft Visual Studio\2019\Community\MSBuild\Microsoft\VC\v160\Microsoft.CppBuild.targets(505,5): warning MSB8004: Output Directory does not end with a trailing slash.  This build instance will add the slash as it is required to allow proper evaluation of the Output Directory.
  App.cpp
D:\VS_Projects\FSY\FSY\src\FSY\Headers\Mesh.h(15,3): warning C4091: '__declspec(dllimport)': ignored on left of 'FSY::RenderModes' when no variable is declared
D:\VS_Projects\FSY\FSY\src\FSY\Headers\Mesh.h(18,25): warning C4091: 'extern ': ignored on left of 'FSY::GameObject' when no variable is declared
D:\VS_Projects\FSY\FSY\src\FSY\Headers\Mesh.h(61,38): warning C4251: 'FSY::Mesh::m_objects': class 'std::vector<FSY::GameObject *,std::allocator<FSY::GameObject *>>' needs to have dll-interface to be used by clients of class 'FSY::Mesh'
D:\VS_Projects\FSY\FSY\src\FSY\Headers\Mesh.h(45): message : see declaration of 'std::vector<FSY::GameObject *,std::allocator<FSY::GameObject *>>'
C:\Program Files (x86)\Windows Kits\10\Include\10.0.19041.0\shared\minwindef.h(130,1): warning C4005: 'APIENTRY': macro redefinition
D:\VS_Projects\FSY\FSY\src\vendor\OpenGL\include\glad.h(32): message : see previous definition of 'APIENTRY'
D:\VS_Projects\FSY\FSY\src\FSY\Headers\GameObject.h(28,20): warning C4251: 'FSY::GameObject::name': class 'std::basic_string<char,std::char_traits<char>,std::allocator<char>>' needs to have dll-interface to be used by clients of class 'FSY::GameObject'
C:\Program Files (x86)\Microsoft Visual Studio\2019\Community\VC\Tools\MSVC\14.28.29910\include\xstring(4648): message : see declaration of 'std::basic_string<char,std::char_traits<char>,std::allocator<char>>'
D:\VS_Projects\FSY\FSY\src\FSY\Headers\GameObject.h(117,39): warning C4251: 'FSY::GameObject::m_components': class 'std::vector<FSY::Component *,std::allocator<FSY::Component *>>' needs to have dll-interface to be used by clients of class 'FSY::GameObject'
D:\VS_Projects\FSY\FSY\src\FSY\Headers\GameObject.h(48): message : see declaration of 'std::vector<FSY::Component *,std::allocator<FSY::Component *>>'
D:\VS_Projects\FSY\FSY\src\FSY\Headers\GameObject.h(118,38): warning C4251: 'FSY::GameObject::m_children': class 'std::vector<FSY::GameObject *,std::allocator<FSY::GameObject *>>' needs to have dll-interface to be used by clients of class 'FSY::GameObject'
D:\VS_Projects\FSY\FSY\src\FSY\Headers\Mesh.h(45): message : see declaration of 'std::vector<FSY::GameObject *,std::allocator<FSY::GameObject *>>'
D:\VS_Projects\FSY\FSY\src\FSY\Headers\Scene.h(34,38): warning C4251: 'FSY::Scene::m_objects': class 'std::vector<FSY::GameObject *,std::allocator<FSY::GameObject *>>' needs to have dll-interface to be used by clients of class 'FSY::Scene'
D:\VS_Projects\FSY\FSY\src\FSY\Headers\Mesh.h(45): message : see declaration of 'std::vector<FSY::GameObject *,std::allocator<FSY::GameObject *>>'
D:\VS_Projects\FSY\FSY\src\FSY\Headers\Scene.h(35,31): warning C4251: 'FSY::Scene::m_meshes': class 'std::vector<FSY::Mesh *,std::allocator<FSY::Mesh *>>' needs to have dll-interface to be used by clients of class 'FSY::Scene'
D:\VS_Projects\FSY\FSY\src\FSY\Headers\Scene.h(27): message : see declaration of 'std::vector<FSY::Mesh *,std::allocator<FSY::Mesh *>>'
D:\VS_Projects\FSY\FSY\src\FSY\Headers\Input.h(133,3): warning C4091: '__declspec(dllimport)': ignored on left of 'FSY::Keys' when no variable is declared
D:\VS_Projects\FSY\FSY\src\FSY\Headers\Input.h(148,3): warning C4091: '__declspec(dllimport)': ignored on left of 'FSY::Buttons' when no variable is declared
D:\VS_Projects\FSY\FSY\src\FSY\Headers\Input.h(153,3): warning C4091: '__declspec(dllimport)': ignored on left of 'FSY::CursorMode' when no variable is declared
D:\VS_Projects\FSY\FSY\src\FSY\Headers\FSY_Time.h(8,26): warning C4091: 'extern ': ignored on left of 'FSY::Application' when no variable is declared
D:\VS_Projects\FSY\FSY\src\FSY\Headers\Application.h(16,39): warning C4091: 'extern ': ignored on left of 'FSY::SceneCameraController' when no variable is declared
D:\VS_Projects\FSY\FSY\src\FSY\Headers\Application.h(67,24): warning C4251: 'FSY::Application::view': struct 'glm::tmat4x4<float,glm::packed_highp>' needs to have dll-interface to be used by clients of class 'FSY::Application'
D:\VS_Projects\FSY\FSY\src\vendor\glm\detail\type_mat.hpp(304): message : see declaration of 'glm::tmat4x4<float,glm::packed_highp>'
D:\VS_Projects\FSY\FSY\src\FSY\Headers\Application.h(68,29): warning C4251: 'FSY::Application::projection': struct 'glm::tmat4x4<float,glm::packed_highp>' needs to have dll-interface to be used by clients of class 'FSY::Application'
D:\VS_Projects\FSY\FSY\src\vendor\glm\detail\type_mat.hpp(304): message : see declaration of 'glm::tmat4x4<float,glm::packed_highp>'
D:\VS_Projects\FSY\FSY\src\FSY\Headers\SceneCameraController.h(108,23): warning C4251: 'FSY::SceneCameraController::cameraPos': struct 'glm::tvec3<float,glm::packed_highp>' needs to have dll-interface to be used by clients of class 'FSY::SceneCameraController'
D:\VS_Projects\FSY\FSY\src\vendor\glm\detail\type_vec.hpp(243): message : see declaration of 'glm::tvec3<float,glm::packed_highp>'
D:\VS_Projects\FSY\FSY\src\FSY\Headers\SceneCameraController.h(110,25): warning C4251: 'FSY::SceneCameraController::cameraFront': struct 'glm::tvec3<float,glm::packed_highp>' needs to have dll-interface to be used by clients of class 'FSY::SceneCameraController'
D:\VS_Projects\FSY\FSY\src\vendor\glm\detail\type_vec.hpp(243): message : see declaration of 'glm::tvec3<float,glm::packed_highp>'
D:\VS_Projects\FSY\FSY\src\FSY\Headers\SceneCameraController.h(111,22): warning C4251: 'FSY::SceneCameraController::cameraUp': struct 'glm::tvec3<float,glm::packed_highp>' needs to have dll-interface to be used by clients of class 'FSY::SceneCameraController'
D:\VS_Projects\FSY\FSY\src\vendor\glm\detail\type_vec.hpp(243): message : see declaration of 'glm::tvec3<float,glm::packed_highp>'
D:\VS_Projects\FSY\FSY\src\FSY\Headers\SceneCameraController.h(67,53): warning C4244: '=': conversion from 'double' to 'T', possible loss of data
          with
          [
              T=float
          ]
D:\VS_Projects\FSY\FSY\src\FSY\Headers\SceneCameraController.h(68,53): warning C4244: '=': conversion from 'double' to 'T', possible loss of data
          with
          [
              T=float
          ]
D:\VS_Projects\FSY\FSY\src\FSY\Headers\SceneCameraController.h(69,53): warning C4244: '=': conversion from 'double' to 'T', possible loss of data
          with
          [
              T=float
          ]
D:\VS_Projects\FSY\FSY\src\FSY\Headers\Console.h(20,37): warning C4251: 'FSY::Console::m_latestMessage': class 'std::basic_string<char,std::char_traits<char>,std::allocator<char>>' needs to have dll-interface to be used by clients of class 'FSY::Console'
C:\Program Files (x86)\Microsoft Visual Studio\2019\Community\VC\Tools\MSVC\14.28.29910\include\xstring(4648): message : see declaration of 'std::basic_string<char,std::char_traits<char>,std::allocator<char>>'
D:\VS_Projects\FSY\FSY\src\FSY\Headers\Sound.h(12,25): warning C4091: 'extern ': ignored on left of 'Application' when no variable is declared
D:\VS_Projects\FSY\FSY\src\FSY\Headers\Sound.h(30,21): warning C4251: 'FSY::Sound::m_path': class 'std::basic_string<char,std::char_traits<char>,std::allocator<char>>' needs to have dll-interface to be used by clients of class 'FSY::Sound'
C:\Program Files (x86)\Microsoft Visual Studio\2019\Community\VC\Tools\MSVC\14.28.29910\include\xstring(4648): message : see declaration of 'std::basic_string<char,std::char_traits<char>,std::allocator<char>>'
D:\VS_Projects\FSY\FSY\src\FSY\Headers\Settings.h(19,36): warning C4251: 'FSY::Settings::editorFontPath': class 'std::basic_string<char,std::char_traits<char>,std::allocator<char>>' needs to have dll-interface to be used by clients of class 'FSY::Settings'
C:\Program Files (x86)\Microsoft Visual Studio\2019\Community\VC\Tools\MSVC\14.28.29910\include\xstring(4648): message : see declaration of 'std::basic_string<char,std::char_traits<char>,std::allocator<char>>'
  Generating code
  1 of 113 functions ( 0.9%) were compiled, the rest were copied from previous compilation.
    0 functions were new in current compilation
    0 functions had inline decision re-evaluated but remain unchanged
  Finished generating code
  App.vcxproj -> D:\VS_Projects\FSY\bin\Release-x64\App\App.exe
