d:\vs_projects\fsy\bin-int\debug-x64\fsy\vc142.pdb
d:\vs_projects\fsy\bin-int\debug-x64\fsy\vc142.idb
d:\vs_projects\fsy\bin-int\debug-x64\fsy\vbo.obj
d:\vs_projects\fsy\bin-int\debug-x64\fsy\vao.obj
d:\vs_projects\fsy\bin-int\debug-x64\fsy\fsy_time.obj
d:\vs_projects\fsy\bin-int\debug-x64\fsy\stb.obj
d:\vs_projects\fsy\bin-int\debug-x64\fsy\texture.obj
d:\vs_projects\fsy\bin-int\debug-x64\fsy\sound.obj
d:\vs_projects\fsy\bin-int\debug-x64\fsy\shader.obj
d:\vs_projects\fsy\bin-int\debug-x64\fsy\settings.obj
d:\vs_projects\fsy\bin-int\debug-x64\fsy\scene.obj
d:\vs_projects\fsy\bin-int\debug-x64\fsy\mesh.obj
d:\vs_projects\fsy\bin-int\debug-x64\fsy\maths.obj
d:\vs_projects\fsy\bin-int\debug-x64\fsy\light.obj
d:\vs_projects\fsy\bin-int\debug-x64\fsy\input.obj
d:\vs_projects\fsy\bin-int\debug-x64\fsy\scenecameracontroller.obj
d:\vs_projects\fsy\bin-int\debug-x64\fsy\gameobject.obj
d:\vs_projects\fsy\bin-int\debug-x64\fsy\editorui.obj
d:\vs_projects\fsy\bin-int\debug-x64\fsy\contentbrowser.obj
d:\vs_projects\fsy\bin-int\debug-x64\fsy\console.obj
d:\vs_projects\fsy\bin-int\debug-x64\fsy\camera.obj
d:\vs_projects\fsy\bin-int\debug-x64\fsy\imgui_widgets.obj
d:\vs_projects\fsy\bin-int\debug-x64\fsy\imgui_tables.obj
d:\vs_projects\fsy\bin-int\debug-x64\fsy\imgui_stdlib.obj
d:\vs_projects\fsy\bin-int\debug-x64\fsy\imgui_impl_opengl3.obj
d:\vs_projects\fsy\bin-int\debug-x64\fsy\imgui_impl_glfw.obj
d:\vs_projects\fsy\bin-int\debug-x64\fsy\imgui_draw.obj
d:\vs_projects\fsy\bin-int\debug-x64\fsy\imgui_demo.obj
d:\vs_projects\fsy\bin-int\debug-x64\fsy\imgui.obj
d:\vs_projects\fsy\bin-int\debug-x64\fsy\glm.obj
d:\vs_projects\fsy\bin-int\debug-x64\fsy\dummy.obj
d:\vs_projects\fsy\bin-int\debug-x64\fsy\fsy.tlog\cl.command.1.tlog
d:\vs_projects\fsy\bin-int\debug-x64\fsy\fsy.tlog\cl.read.1.tlog
d:\vs_projects\fsy\bin-int\debug-x64\fsy\fsy.tlog\cl.write.1.tlog
